  Rasterizer.cpp
Rasterizer.cpp(72): warning C4554: '|': check operator precedence for possible error; use parentheses to clarify precedence
Rasterizer.cpp(92): warning C4244: '=': conversion from 'int' to 'float', possible loss of data
Rasterizer.cpp(95): warning C4244: '=': conversion from 'int' to 'float', possible loss of data
Rasterizer.cpp(210): warning C4244: 'argument': conversion from 'float' to 'int', possible loss of data
Rasterizer.cpp(211): warning C4244: 'argument': conversion from 'float' to 'int', possible loss of data
Rasterizer.cpp(225): warning C4244: 'initializing': conversion from 'float' to 'int', possible loss of data
Rasterizer.cpp(226): warning C4244: 'initializing': conversion from 'float' to 'int', possible loss of data
Rasterizer.cpp(246): warning C4244: 'argument': conversion from 'int' to 'float', possible loss of data
Rasterizer.cpp(471): warning C4244: 'initializing': conversion from 'int' to 'float', possible loss of data
Rasterizer.cpp(472): warning C4244: 'initializing': conversion from 'int' to 'float', possible loss of data
Rasterizer.cpp(494): warning C4267: 'initializing': conversion from 'size_t' to 'int', possible loss of data
Rasterizer.cpp(504): warning C4244: 'argument': conversion from 'int' to 'float', possible loss of data
Rasterizer.cpp(505): warning C4244: 'argument': conversion from 'int' to 'float', possible loss of data
Rasterizer.cpp(635): warning C4244: 'argument': conversion from 'int' to 'float', possible loss of data
Rasterizer.cpp(646): warning C4244: 'argument': conversion from 'int' to 'float', possible loss of data
Rasterizer.cpp(670): warning C4267: 'initializing': conversion from 'size_t' to 'int', possible loss of data
Rasterizer.cpp(685): warning C4244: 'argument': conversion from 'double' to 'float', possible loss of data
Rasterizer.cpp(689): warning C4244: 'initializing': conversion from 'int' to 'float', possible loss of data
Rasterizer.cpp(692): warning C4244: 'argument': conversion from 'double' to 'float', possible loss of data
Rasterizer.cpp(710): warning C4244: 'initializing': conversion from 'float' to 'int', possible loss of data
Rasterizer.cpp(711): warning C4244: 'initializing': conversion from 'float' to 'int', possible loss of data
Rasterizer.cpp(716): warning C4244: 'initializing': conversion from 'float' to 'int', possible loss of data
Rasterizer.cpp(717): warning C4244: 'initializing': conversion from 'float' to 'int', possible loss of data
Rasterizer.cpp(718): warning C4244: 'initializing': conversion from 'float' to 'int', possible loss of data
Rasterizer.cpp(719): warning C4244: 'initializing': conversion from 'float' to 'int', possible loss of data
Rasterizer.cpp(739): warning C4244: 'initializing': conversion from 'float' to 'int', possible loss of data
Rasterizer.cpp(741): warning C4244: 'initializing': conversion from 'double' to 'float', possible loss of data
Rasterizer.cpp(752): warning C4267: 'argument': conversion from 'size_t' to 'int', possible loss of data
  Generating code
  64 of 643 functions (10.0%) were compiled, the rest were copied from previous compilation.
    0 functions were new in current compilation
    16 functions had inline decision re-evaluated but remain unchanged
  Finished generating code
  TinyRaster.vcxproj -> C:\Users\AANdr\Dropbox\UNI\Year2\repo\TinyRaster\x64\Release\TinyRaster.exe
