c:\users\aandr\dropbox\uni\year2\tinyraster\tinyraster\x64\release\vc140.pdb
c:\users\aandr\dropbox\uni\year2\tinyraster\tinyraster\x64\release\vector4.obj
c:\users\aandr\dropbox\uni\year2\tinyraster\tinyraster\x64\release\vector3.obj
c:\users\aandr\dropbox\uni\year2\tinyraster\tinyraster\x64\release\vector2.obj
c:\users\aandr\dropbox\uni\year2\tinyraster\tinyraster\x64\release\tinyrastermain.obj
c:\users\aandr\dropbox\uni\year2\tinyraster\tinyraster\x64\release\texture.obj
c:\users\aandr\dropbox\uni\year2\tinyraster\tinyraster\x64\release\testapplication.obj
c:\users\aandr\dropbox\uni\year2\tinyraster\tinyraster\x64\release\rasterizer.obj
c:\users\aandr\dropbox\uni\year2\tinyraster\tinyraster\x64\release\framebuffer.obj
c:\users\aandr\dropbox\uni\year2\tinyraster\tinyraster\x64\release\assignmenttests.obj
c:\users\aandr\dropbox\uni\year2\tinyraster\tinyraster\x64\release\appwindow.obj
c:\users\aandr\dropbox\uni\year2\tinyraster\x64\release\tinyraster.exe
c:\users\aandr\dropbox\uni\year2\tinyraster\x64\release\tinyraster.ipdb
c:\users\aandr\dropbox\uni\year2\tinyraster\x64\release\tinyraster.iobj
c:\users\aandr\dropbox\uni\year2\tinyraster\x64\release\tinyraster.pdb
c:\users\aandr\dropbox\uni\year2\tinyraster\tinyraster\x64\release\tinyraster.res
c:\users\aandr\dropbox\uni\year2\repo\tinyraster\tinyraster\x64\release\appwindow.obj
c:\users\aandr\dropbox\uni\year2\repo\tinyraster\tinyraster\x64\release\assignmenttests.obj
c:\users\aandr\dropbox\uni\year2\repo\tinyraster\tinyraster\x64\release\framebuffer.obj
c:\users\aandr\dropbox\uni\year2\repo\tinyraster\tinyraster\x64\release\rasterizer.obj
c:\users\aandr\dropbox\uni\year2\repo\tinyraster\tinyraster\x64\release\testapplication.obj
c:\users\aandr\dropbox\uni\year2\repo\tinyraster\tinyraster\x64\release\texture.obj
c:\users\aandr\dropbox\uni\year2\repo\tinyraster\tinyraster\x64\release\tinyrastermain.obj
c:\users\aandr\dropbox\uni\year2\repo\tinyraster\tinyraster\x64\release\vector2.obj
c:\users\aandr\dropbox\uni\year2\repo\tinyraster\tinyraster\x64\release\vector3.obj
c:\users\aandr\dropbox\uni\year2\repo\tinyraster\tinyraster\x64\release\vector4.obj
c:\users\aandr\dropbox\uni\year2\repo\tinyraster\tinyraster\x64\release\tinyraster.ipdb
c:\users\aandr\dropbox\uni\year2\repo\tinyraster\tinyraster\x64\release\tinyraster.iobj
c:\users\aandr\dropbox\uni\year2\repo\tinyraster\tinyraster\x64\release\tinyraster.res
c:\users\aandr\dropbox\uni\year2\repo\tinyraster\tinyraster\x64\release\tinyraster.pdb
c:\users\aandr\dropbox\uni\year2\repo\tinyraster\tinyraster\x64\release\vc140.pdb
c:\users\aandr\dropbox\uni\year2\repo\tinyraster\x64\release\tinyraster.pdb
c:\users\aandr\dropbox\uni\year2\repo\tinyraster\x64\release\tinyraster.exe
c:\users\aandr\dropbox\uni\year2\repo\tinyraster\tinyraster\x64\release\tinyraster.tlog\cl.command.1.tlog
c:\users\aandr\dropbox\uni\year2\repo\tinyraster\tinyraster\x64\release\tinyraster.tlog\cl.read.1.tlog
c:\users\aandr\dropbox\uni\year2\repo\tinyraster\tinyraster\x64\release\tinyraster.tlog\cl.write.1.tlog
c:\users\aandr\dropbox\uni\year2\repo\tinyraster\tinyraster\x64\release\tinyraster.tlog\link.command.1.tlog
c:\users\aandr\dropbox\uni\year2\repo\tinyraster\tinyraster\x64\release\tinyraster.tlog\link.read.1.tlog
c:\users\aandr\dropbox\uni\year2\repo\tinyraster\tinyraster\x64\release\tinyraster.tlog\link.write.1.tlog
c:\users\aandr\dropbox\uni\year2\repo\tinyraster\tinyraster\x64\release\tinyraster.tlog\rc.command.1.tlog
c:\users\aandr\dropbox\uni\year2\repo\tinyraster\tinyraster\x64\release\tinyraster.tlog\rc.read.1.tlog
c:\users\aandr\dropbox\uni\year2\repo\tinyraster\tinyraster\x64\release\tinyraster.tlog\rc.write.1.tlog
