t:\downloads\repo\repo\tinyraster\tinyraster\x64\debug\vc140.pdb
t:\downloads\repo\repo\tinyraster\tinyraster\x64\debug\vc140.idb
t:\downloads\repo\repo\tinyraster\tinyraster\x64\debug\assignmenttests.obj
t:\downloads\repo\repo\tinyraster\tinyraster\x64\debug\framebuffer.obj
t:\downloads\repo\repo\tinyraster\tinyraster\x64\debug\testapplication.obj
t:\downloads\repo\repo\tinyraster\tinyraster\x64\debug\appwindow.obj
t:\downloads\repo\repo\tinyraster\tinyraster\x64\debug\rasterizer.obj
t:\downloads\repo\repo\tinyraster\tinyraster\x64\debug\texture.obj
t:\downloads\repo\repo\tinyraster\tinyraster\x64\debug\tinyrastermain.obj
t:\downloads\repo\repo\tinyraster\tinyraster\x64\debug\vector2.obj
t:\downloads\repo\repo\tinyraster\tinyraster\x64\debug\vector3.obj
t:\downloads\repo\repo\tinyraster\tinyraster\x64\debug\vector4.obj
t:\downloads\repo\repo\tinyraster\x64\debug\tinyraster.ilk
t:\downloads\repo\repo\tinyraster\x64\debug\tinyraster.exe
t:\downloads\repo\repo\tinyraster\x64\debug\tinyraster.pdb
t:\downloads\repo\repo\tinyraster\tinyraster\x64\debug\tinyraster.res
c:\users\aandr\dropbox\uni\year2\repo\tinyraster\tinyraster\x64\debug\appwindow.obj
c:\users\aandr\dropbox\uni\year2\repo\tinyraster\tinyraster\x64\debug\assignmenttests.obj
c:\users\aandr\dropbox\uni\year2\repo\tinyraster\tinyraster\x64\debug\framebuffer.obj
c:\users\aandr\dropbox\uni\year2\repo\tinyraster\tinyraster\x64\debug\rasterizer.obj
c:\users\aandr\dropbox\uni\year2\repo\tinyraster\tinyraster\x64\debug\testapplication.obj
c:\users\aandr\dropbox\uni\year2\repo\tinyraster\tinyraster\x64\debug\texture.obj
c:\users\aandr\dropbox\uni\year2\repo\tinyraster\tinyraster\x64\debug\tinyrastermain.obj
c:\users\aandr\dropbox\uni\year2\repo\tinyraster\tinyraster\x64\debug\vector2.obj
c:\users\aandr\dropbox\uni\year2\repo\tinyraster\tinyraster\x64\debug\vector3.obj
c:\users\aandr\dropbox\uni\year2\repo\tinyraster\tinyraster\x64\debug\vector4.obj
c:\users\aandr\dropbox\uni\year2\repo\tinyraster\tinyraster\x64\debug\tinyraster.res
c:\users\aandr\dropbox\uni\year2\repo\tinyraster\tinyraster\x64\debug\vc140.idb
c:\users\aandr\dropbox\uni\year2\repo\tinyraster\tinyraster\x64\debug\vc140.pdb
c:\users\aandr\dropbox\uni\year2\repo\tinyraster\x64\debug\tinyraster.pdb
c:\users\aandr\dropbox\uni\year2\repo\tinyraster\x64\debug\tinyraster.exe
c:\users\aandr\dropbox\uni\year2\repo\tinyraster\x64\debug\tinyraster.ilk
c:\users\aandr\dropbox\uni\year2\repo\tinyraster\tinyraster\x64\debug\tinyraster.tlog\cl.command.1.tlog
c:\users\aandr\dropbox\uni\year2\repo\tinyraster\tinyraster\x64\debug\tinyraster.tlog\cl.read.1.tlog
c:\users\aandr\dropbox\uni\year2\repo\tinyraster\tinyraster\x64\debug\tinyraster.tlog\cl.write.1.tlog
c:\users\aandr\dropbox\uni\year2\repo\tinyraster\tinyraster\x64\debug\tinyraster.tlog\link.command.1.tlog
c:\users\aandr\dropbox\uni\year2\repo\tinyraster\tinyraster\x64\debug\tinyraster.tlog\link.read.1.tlog
c:\users\aandr\dropbox\uni\year2\repo\tinyraster\tinyraster\x64\debug\tinyraster.tlog\link.write.1.tlog
c:\users\aandr\dropbox\uni\year2\repo\tinyraster\tinyraster\x64\debug\tinyraster.tlog\rc.command.1.tlog
c:\users\aandr\dropbox\uni\year2\repo\tinyraster\tinyraster\x64\debug\tinyraster.tlog\rc.read.1.tlog
c:\users\aandr\dropbox\uni\year2\repo\tinyraster\tinyraster\x64\debug\tinyraster.tlog\rc.write.1.tlog
